<?xml version="1.0" encoding="UTF-8"?>
<!-- Generated by org.testng.reporters.JUnitReportReporter -->
<testsuite skipped="0" hostname="Akash" name="com.todo.app.todoappapiautomation.AppTest" tests="4" failures="0" timestamp="25 Jan 2020 09:29:06 GMT" time="2.993" errors="0">
  <testcase name="createTodo" time="2.814" classname="com.todo.app.todoappapiautomation.AppTest"/>
  <testcase name="deleteTodo" time="0.065" classname="com.todo.app.todoappapiautomation.AppTest"/>
  <testcase name="testTodo" time="0.078" classname="com.todo.app.todoappapiautomation.AppTest"/>
  <testcase name="updateTodo" time="0.036" classname="com.todo.app.todoappapiautomation.AppTest"/>
</testsuite> <!-- com.todo.app.todoappapiautomation.AppTest -->
